# JRE version: OpenJDK Runtime Environment Temurin-17.0.8.1+1 (17.0.8.1+1) (build 17.0.8.1+1)
# Java VM: OpenJDK 64-Bit Server VM Temurin-17.0.8.1+1 (17.0.8.1+1, mixed mode, emulated-client, tiered, compressed oops, compressed class ptrs, g1 gc, windows-amd64)
GC Precious Log:
 CPUs: 12 total, 12 available
 Memory: 7528M
 Large Page Support: Disabled
 NUMA Support: Disabled
 Compressed Oops: Enabled (32-bit)
 Heap Region Size: 1M
 Heap Min Capacity: 8M
 Heap Initial Capacity: 118M
 Heap Max Capacity: 1G
 Pre-touch: Disabled
 Parallel Workers: 10
 Concurrent Workers: 3
 Concurrent Refinement Workers: 10
 Periodic GC: Disabled
Heap:
 garbage-first heap   total 96256K, used 29736K [0x00000000c0000000, 0x0000000100000000)
  region size 1024K, 1 young (1024K), 0 survivors (0K)
 Metaspace       used 57872K, committed 58368K, reserved 1114112K
  class space    used 7479K, committed 7680K, reserved 1048576K
GC Heap History (20 events):
Event: 2553.612 GC heap before
{Heap before GC invocations=171 (full 98):
 garbage-first heap   total 96256K, used 29735K [0x00000000c0000000, 0x0000000100000000)
  region size 1024K, 1 young (1024K), 0 survivors (0K)
 Metaspace       used 57872K, committed 58368K, reserved 1114112K
  class space    used 7479K, committed 7680K, reserved 1048576K
}
Event: 2553.682 GC heap after
{Heap after GC invocations=172 (full 99):
 garbage-first heap   total 96256K, used 29735K [0x00000000c0000000, 0x0000000100000000)
  region size 1024K, 0 young (0K), 0 survivors (0K)
 Metaspace       used 57872K, committed 58368K, reserved 1114112K
  class space    used 7479K, committed 7680K, reserved 1048576K
}
Event: 2563.878 GC heap before
{Heap before GC invocations=172 (full 99):
 garbage-first heap   total 96256K, used 29735K [0x00000000c0000000, 0x0000000100000000)
  region size 1024K, 1 young (1024K), 0 survivors (0K)
 Metaspace       used 57872K, committed 58368K, reserved 1114112K
  class space    used 7479K, committed 7680K, reserved 1048576K
}
Event: 2563.940 GC heap after
{Heap after GC invocations=173 (full 100):
 garbage-first heap   total 96256K, used 29735K [0x00000000c0000000, 0x0000000100000000)
  region size 1024K, 0 young (0K), 0 survivors (0K)
 Metaspace       used 57872K, committed 58368K, reserved 1114112K
  class space    used 7479K, committed 7680K, reserved 1048576K
}
Event: 2574.288 GC heap before
{Heap before GC invocations=173 (full 100):
 garbage-first heap   total 96256K, used 29735K [0x00000000c0000000, 0x0000000100000000)
  region size 1024K, 1 young (1024K), 0 survivors (0K)
 Metaspace       used 57872K, committed 58368K, reserved 1114112K
  class space    used 7479K, committed 7680K, reserved 1048576K
}
Event: 2574.381 GC heap after
{Heap after GC invocations=174 (full 101):
 garbage-first heap   total 96256K, used 29735K [0x00000000c0000000, 0x0000000100000000)
  region size 1024K, 0 young (0K), 0 survivors (0K)
 Metaspace       used 57872K, committed 58368K, reserved 1114112K
  class space    used 7479K, committed 7680K, reserved 1048576K
}
Event: 2584.591 GC heap before
{Heap before GC invocations=174 (full 101):
 garbage-first heap   total 96256K, used 29735K [0x00000000c0000000, 0x0000000100000000)
  region size 1024K, 1 young (1024K), 0 survivors (0K)
 Metaspace       used 57872K, committed 58368K, reserved 1114112K
  class space    used 7479K, committed 7680K, reserved 1048576K
}
Event: 2584.685 GC heap after
{Heap after GC invocations=175 (full 102):
 garbage-first heap   total 96256K, used 29735K [0x00000000c0000000, 0x0000000100000000)
  region size 1024K, 0 young (0K), 0 survivors (0K)
 Metaspace       used 57872K, committed 58368K, reserved 1114112K
  class space    used 7479K, committed 7680K, reserved 1048576K
}
Event: 2594.986 GC heap before
{Heap before GC invocations=175 (full 102):
 garbage-first heap   total 96256K, used 29735K [0x00000000c0000000, 0x0000000100000000)
  region size 1024K, 1 young (1024K), 0 survivors (0K)
 Metaspace       used 57872K, committed 58368K, reserved 1114112K
  class space    used 7479K, committed 7680K, reserved 1048576K
}
Event: 2595.072 GC heap after
{Heap after GC invocations=176 (full 103):
 garbage-first heap   total 96256K, used 29735K [0x00000000c0000000, 0x0000000100000000)
  region size 1024K, 0 young (0K), 0 survivors (0K)
 Metaspace       used 57872K, committed 58368K, reserved 1114112K
  class space    used 7479K, committed 7680K, reserved 1048576K
}
Event: 2605.259 GC heap before
{Heap before GC invocations=176 (full 103):
 garbage-first heap   total 96256K, used 29735K [0x00000000c0000000, 0x0000000100000000)
  region size 1024K, 1 young (1024K), 0 survivors (0K)
 Metaspace       used 57872K, committed 58368K, reserved 1114112K
  class space    used 7479K, committed 7680K, reserved 1048576K
}
Event: 2605.328 GC heap after
{Heap after GC invocations=177 (full 104):
 garbage-first heap   total 96256K, used 29735K [0x00000000c0000000, 0x0000000100000000)
  region size 1024K, 0 young (0K), 0 survivors (0K)
 Metaspace       used 57872K, committed 58368K, reserved 1114112K
  class space    used 7479K, committed 7680K, reserved 1048576K
}
Event: 2615.533 GC heap before
{Heap before GC invocations=177 (full 104):
 garbage-first heap   total 96256K, used 29735K [0x00000000c0000000, 0x0000000100000000)
  region size 1024K, 1 young (1024K), 0 survivors (0K)
 Metaspace       used 57872K, committed 58368K, reserved 1114112K
  class space    used 7479K, committed 7680K, reserved 1048576K
}
Event: 2615.615 GC heap after
{Heap after GC invocations=178 (full 105):
 garbage-first heap   total 96256K, used 29735K [0x00000000c0000000, 0x0000000100000000)
  region size 1024K, 0 young (0K), 0 survivors (0K)
 Metaspace       used 57872K, committed 58368K, reserved 1114112K
  class space    used 7479K, committed 7680K, reserved 1048576K
}
Event: 2625.821 GC heap before
{Heap before GC invocations=178 (full 105):
 garbage-first heap   total 96256K, used 29735K [0x00000000c0000000, 0x0000000100000000)
  region size 1024K, 1 young (1024K), 0 survivors (0K)
 Metaspace       used 57872K, committed 58368K, reserved 1114112K
  class space    used 7479K, committed 7680K, reserved 1048576K
}
Event: 2625.876 GC heap after
{Heap after GC invocations=179 (full 106):
 garbage-first heap   total 96256K, used 29735K [0x00000000c0000000, 0x0000000100000000)
  region size 1024K, 0 young (0K), 0 survivors (0K)
 Metaspace       used 57872K, committed 58368K, reserved 1114112K
  class space    used 7479K, committed 7680K, reserved 1048576K
}
Event: 2636.072 GC heap before
{Heap before GC invocations=179 (full 106):
 garbage-first heap   total 96256K, used 29735K [0x00000000c0000000, 0x0000000100000000)
  region size 1024K, 1 young (1024K), 0 survivors (0K)
 Metaspace       used 57872K, committed 58368K, reserved 1114112K
  class space    used 7479K, committed 7680K, reserved 1048576K
}
Event: 2636.136 GC heap after
{Heap after GC invocations=180 (full 107):
 garbage-first heap   total 96256K, used 29735K [0x00000000c0000000, 0x0000000100000000)
  region size 1024K, 0 young (0K), 0 survivors (0K)
 Metaspace       used 57872K, committed 58368K, reserved 1114112K
  class space    used 7479K, committed 7680K, reserved 1048576K
}
Event: 2716.561 GC heap before
{Heap before GC invocations=180 (full 107):
 garbage-first heap   total 96256K, used 29735K [0x00000000c0000000, 0x0000000100000000)
  region size 1024K, 1 young (1024K), 0 survivors (0K)
 Metaspace       used 57872K, committed 58368K, reserved 1114112K
  class space    used 7479K, committed 7680K, reserved 1048576K
}
Event: 2717.554 GC heap after
{Heap after GC invocations=181 (full 108):
 garbage-first heap   total 96256K, used 29736K [0x00000000c0000000, 0x0000000100000000)
  region size 1024K, 0 young (0K), 0 survivors (0K)
 Metaspace       used 57872K, committed 58368K, reserved 1114112K
  class space    used 7479K, committed 7680K, reserved 1048576K
}

